
Running 1 test using 1 worker

  ✘  1 tests/reset_button.spec.js:7:7 › Reset Application Data › should call resetApplicationData and handle confirmation (4.1s)


  1) tests/reset_button.spec.js:7:7 › Reset Application Data › should call resetApplicationData and handle confirmation 

    Error: page.$eval: Failed to find element matching selector ".entry:first-child"

      49 |     // Get the GUIDs of the first two entries
      50 |     await page.screenshot({ path: 'screenshot_before_state_manipulation.png' }); // Added screenshot
    > 51 |     const firstEntryGuid = await page.$eval('.entry:first-child', el => el.dataset.guid);
         |                                       ^
      52 |     const secondEntryGuid = await page.$eval('.entry:nth-child(2)', el => el.dataset.guid);
      53 |
      54 |     if (firstEntryGuid) {
        at /home/ntn/git/not-the-news/tests/reset_button.spec.js:51:39

    Error Context: test-results/tests-reset_button-Reset-A-2281f-ata-and-handle-confirmation/error-context.md

    attachment #2: trace (application/zip) ─────────────────────────────────────────────────────────
    test-results/tests-reset_button-Reset-A-2281f-ata-and-handle-confirmation/trace.zip
    Usage:

        npx playwright show-trace test-results/tests-reset_button-Reset-A-2281f-ata-and-handle-confirmation/trace.zip

    ────────────────────────────────────────────────────────────────────────────────────────────────

  1 failed
    tests/reset_button.spec.js:7:7 › Reset Application Data › should call resetApplicationData and handle confirmation 
