
Running 1 test using 1 worker

[Test] Performing initial load checks and creating user state...
[Test] Initial load: Found 10 entry elements.
  ✘  1 tests/reset_button.spec.js:7:7 › Reset Application Data Functionality › should clear user state and re-sync items after reset (1.0m)


  1) tests/reset_button.spec.js:7:7 › Reset Application Data Functionality › should clear user state and re-sync items after reset 

    [31mTest timeout of 60000ms exceeded.[39m

    Error: page.click: Test timeout of 60000ms exceeded.
    Call log:
    [2m  - waiting for locator('.entry:first-child .star')[22m


      54 |
      55 |     // Star the first item and mark the second as read
    > 56 |     await page.click('.entry:first-child .star');
         |                ^
      57 |     await page.click('.entry:nth-child(2) .read-button');
      58 |     // Give time for state updates to propagate
      59 |     await page.waitForTimeout(1000); 
        at /home/ntn/git/not-the-news/tests/reset_button.spec.js:56:16

    Error Context: test-results/tests-reset_button-Reset-A-c41d8-d-re-sync-items-after-reset/error-context.md

    attachment #2: trace (application/zip) ─────────────────────────────────────────────────────────
    test-results/tests-reset_button-Reset-A-c41d8-d-re-sync-items-after-reset/trace.zip
    Usage:

        npx playwright show-trace test-results/tests-reset_button-Reset-A-c41d8-d-re-sync-items-after-reset/trace.zip

    ────────────────────────────────────────────────────────────────────────────────────────────────

  1 failed
    tests/reset_button.spec.js:7:7 › Reset Application Data Functionality › should clear user state and re-sync items after reset 
