
Running 1 test using 1 worker

  ✘  1 tests/reset_button.spec.js:7:7 › Reset Application Data › should call resetApplicationData and handle confirmation (1.0m)


  1) tests/reset_button.spec.js:7:7 › Reset Application Data › should call resetApplicationData and handle confirmation 

    [31mTest timeout of 60000ms exceeded.[39m

    Error: page.click: Test timeout of 60000ms exceeded.
    Call log:
    [2m  - waiting for locator('.entry:first-child .star')[22m


      46 |     await page.waitForSelector('.entry', { state: 'visible', timeout: 10000 });
      47 |     // Star the first item
    > 48 |     await page.click('.entry:first-child .star');
         |                ^
      49 |     // Mark the second item as read
      50 |     await page.click('.entry:nth-child(2) .read-button');
      51 |
        at /home/ntn/git/not-the-news/tests/reset_button.spec.js:48:16

    Error Context: test-results/tests-reset_button-Reset-A-2281f-ata-and-handle-confirmation/error-context.md

    attachment #2: trace (application/zip) ─────────────────────────────────────────────────────────
    test-results/tests-reset_button-Reset-A-2281f-ata-and-handle-confirmation/trace.zip
    Usage:

        npx playwright show-trace test-results/tests-reset_button-Reset-A-2281f-ata-and-handle-confirmation/trace.zip

    ────────────────────────────────────────────────────────────────────────────────────────────────

  1 failed
    tests/reset_button.spec.js:7:7 › Reset Application Data › should call resetApplicationData and handle confirmation 
