
Running 1 test using 1 worker

[Test] Performing initial load checks and creating user state...
[Test] Initial load: Found 10 entry elements.
[Test] Triggering application reset...
[Test] Dialog appeared: confirm - Are you sure you want to reset the application? This will clear all local data, cache, and unregister the service worker.
[Test] Verifying state after reset...
  ✘  1 tests/reset_button.spec.js:7:7 › Reset Application Data Functionality › should clear user state and re-sync items after reset (2.3s)


  1) tests/reset_button.spec.js:7:7 › Reset Application Data Functionality › should clear user state and re-sync items after reset 

    Error: [2mexpect([22m[31mreceived[39m[2m).[22mtoBe[2m([22m[32mexpected[39m[2m) // Object.is equality[22m

    Expected: [32mtrue[39m
    Received: [31mfalse[39m

      74 |     // Assert backend reset was called
      75 |     const backendReset = networkResponses.some(res => res.includes('/api/admin/reset-app') && res.includes('200'));
    > 76 |     expect(backendReset).toBe(true);
         |                          ^
      77 |
      78 |     // Assert frontend clearing operations
      79 |     expect(consoleLogs.some(log => log.text.includes('resetApplicationData called.'))).toBe(true);
        at /home/ntn/git/not-the-news/tests/reset_button.spec.js:76:26

    Error Context: test-results/tests-reset_button-Reset-A-c41d8-d-re-sync-items-after-reset/error-context.md

    attachment #2: trace (application/zip) ─────────────────────────────────────────────────────────
    test-results/tests-reset_button-Reset-A-c41d8-d-re-sync-items-after-reset/trace.zip
    Usage:

        npx playwright show-trace test-results/tests-reset_button-Reset-A-c41d8-d-re-sync-items-after-reset/trace.zip

    ────────────────────────────────────────────────────────────────────────────────────────────────

  1 failed
    tests/reset_button.spec.js:7:7 › Reset Application Data Functionality › should clear user state and re-sync items after reset 
