
Running 1 test using 1 worker

  ✘  1 tests/reset_button.spec.js:7:7 › Reset Application Data › should call resetApplicationData and handle confirmation (7.0s)


  1) tests/reset_button.spec.js:7:7 › Reset Application Data › should call resetApplicationData and handle confirmation 

    TimeoutError: locator.click: Timeout 5000ms exceeded.
    Call log:
    [2m  - waiting for locator('.entry:first-child .star')[22m


      47 |     // Star the first item and mark the second as read
      48 |     await page.screenshot({ path: 'screenshot_before_star_click.png' }); // Added screenshot
    > 49 |     await page.locator('.entry:first-child .star').click({ timeout: 5000 });
         |                                                    ^
      50 |     await page.locator('.entry:nth-child(2) .read-button').click({ timeout: 5000 });
      51 |
      52 |     // --- Open Settings Modal ---
        at /home/ntn/git/not-the-news/tests/reset_button.spec.js:49:52

    Error Context: test-results/tests-reset_button-Reset-A-2281f-ata-and-handle-confirmation/error-context.md

    attachment #2: trace (application/zip) ─────────────────────────────────────────────────────────
    test-results/tests-reset_button-Reset-A-2281f-ata-and-handle-confirmation/trace.zip
    Usage:

        npx playwright show-trace test-results/tests-reset_button-Reset-A-2281f-ata-and-handle-confirmation/trace.zip

    ────────────────────────────────────────────────────────────────────────────────────────────────

  1 failed
    tests/reset_button.spec.js:7:7 › Reset Application Data › should call resetApplicationData and handle confirmation 
