
Running 1 test using 1 worker

[Test] Performing initial load checks and creating user state...
  ✘  1 tests/reset_button.spec.js:7:7 › Reset Application Data Functionality › should clear user state and re-sync items after reset (11.7s)


  1) tests/reset_button.spec.js:7:7 › Reset Application Data Functionality › should clear user state and re-sync items after reset 

    TimeoutError: page.waitForSelector: Timeout 10000ms exceeded.
    Call log:
    [2m  - waiting for locator('.entry') to be visible[22m


      48 |
      49 |     // Ensure feed items are loaded on initial run
    > 50 |     await page.waitForSelector('.entry', { state: 'visible', timeout: 10000 });
         |                ^
      51 |     const initialEntryElementsCount = await page.locator('.entry').count();
      52 |     expect(initialEntryElementsCount).toBeGreaterThan(0);
      53 |     console.log(`[Test] Initial load: Found ${initialEntryElementsCount} entry elements.`);
        at /home/ntn/git/not-the-news/tests/reset_button.spec.js:50:16

    Error Context: test-results/tests-reset_button-Reset-A-c41d8-d-re-sync-items-after-reset/error-context.md

    attachment #2: trace (application/zip) ─────────────────────────────────────────────────────────
    test-results/tests-reset_button-Reset-A-c41d8-d-re-sync-items-after-reset/trace.zip
    Usage:

        npx playwright show-trace test-results/tests-reset_button-Reset-A-c41d8-d-re-sync-items-after-reset/trace.zip

    ────────────────────────────────────────────────────────────────────────────────────────────────

  1 failed
    tests/reset_button.spec.js:7:7 › Reset Application Data Functionality › should clear user state and re-sync items after reset 
