
Running 1 test using 1 worker

  ✘  1 tests/reset_button.spec.js:7:7 › Reset Application Data › should call resetApplicationData and handle confirmation (1.0m)


  1) tests/reset_button.spec.js:7:7 › Reset Application Data › should call resetApplicationData and handle confirmation 

    [31mTest timeout of 60000ms exceeded.[39m

    Error: locator.focus: Test timeout of 60000ms exceeded.
    Call log:
    [2m  - waiting for locator('.entry:first-child .star')[22m


      48 |     // Star the first item and mark the second as read
      49 |     await page.screenshot({ path: 'screenshot_before_star_click.png' }); // Added screenshot
    > 50 |     await page.locator('.entry:first-child .star').focus();
         |                                                    ^
      51 |     await page.keyboard.press('Enter');
      52 |     await page.locator('.entry:nth-child(2) .read-button').focus();
      53 |     await page.keyboard.press('Enter');
        at /home/ntn/git/not-the-news/tests/reset_button.spec.js:50:52

    Error Context: test-results/tests-reset_button-Reset-A-2281f-ata-and-handle-confirmation/error-context.md

    attachment #2: trace (application/zip) ─────────────────────────────────────────────────────────
    test-results/tests-reset_button-Reset-A-2281f-ata-and-handle-confirmation/trace.zip
    Usage:

        npx playwright show-trace test-results/tests-reset_button-Reset-A-2281f-ata-and-handle-confirmation/trace.zip

    ────────────────────────────────────────────────────────────────────────────────────────────────

  1 failed
    tests/reset_button.spec.js:7:7 › Reset Application Data › should call resetApplicationData and handle confirmation 
